Day11/曹磊的作业/Day10/app(1)/build/intermediates/manifest_merge_blame_file/debug/manifest-merger-blame-debug-report.txt
1<?xml version="1.0" encoding="utf-8"?>
2<manifest xmlns:android="http://schemas.android.com/apk/res/android"
3    package="com.example.jpush_test"
4    android:versionCode="1"
5    android:versionName="1.0" >
6
7    <uses-sdk
8        android:minSdkVersion="21"
8-->src\main\AndroidManifest.xml
9        android:targetSdkVersion="29" />
9-->src\main\AndroidManifest.xml
10
11    <!-- Required -->
12    <permission
12-->[:jiguang] AndroidManifest.xml:13:5-15:47
13        android:name="com.example.jpush_test.permission.JPUSH_MESSAGE"
13-->[:jiguang] AndroidManifest.xml:14:9-65
14        android:protectionLevel="signature" /> <!-- Required  一些系统要求的权限，如访问网络等 -->
14-->[:jiguang] AndroidManifest.xml:15:9-44
15    <uses-permission android:name="com.example.jpush_test.permission.JPUSH_MESSAGE" />
15-->[:jiguang] AndroidManifest.xml:17:5-81
15-->[:jiguang] AndroidManifest.xml:17:22-78
16    <uses-permission android:name="android.permission.RECEIVE_USER_PRESENT" />
16-->[:jiguang] AndroidManifest.xml:18:5-79
16-->[:jiguang] AndroidManifest.xml:18:22-76
17    <uses-permission android:name="android.permission.INTERNET" />
17-->[:jiguang] AndroidManifest.xml:19:5-67
17-->[:jiguang] AndroidManifest.xml:19:22-64
18    <uses-permission android:name="android.permission.READ_PHONE_STATE" />
18-->[:jiguang] AndroidManifest.xml:20:5-75
18-->[:jiguang] AndroidManifest.xml:20:22-72
19    <uses-permission android:name="android.permission.WRITE_EXTERNAL_STORAGE" />
19-->[:jiguang] AndroidManifest.xml:21:5-81
19-->[:jiguang] AndroidManifest.xml:21:22-78
20    <uses-permission android:name="android.permission.READ_EXTERNAL_STORAGE" />
20-->[:jiguang] AndroidManifest.xml:22:5-80
20-->[:jiguang] AndroidManifest.xml:22:22-77
21    <uses-permission android:name="android.permission.WRITE_SETTINGS" />
21-->[:jiguang] AndroidManifest.xml:23:5-73
21-->[:jiguang] AndroidManifest.xml:23:22-70
22    <uses-permission android:name="android.permission.MOUNT_UNMOUNT_FILESYSTEMS" />
22-->[:jiguang] AndroidManifest.xml:24:5-84
22-->[:jiguang] AndroidManifest.xml:24:22-81
23    <uses-permission android:name="android.permission.ACCESS_NETWORK_STATE" />
23-->[:jiguang] AndroidManifest.xml:25:5-79
23-->[:jiguang] AndroidManifest.xml:25:22-76
24    <uses-permission android:name="android.permission.ACCESS_WIFI_STATE" /> <!-- 华为角标 -->
24-->[:jiguang] AndroidManifest.xml:26:5-76
24-->[:jiguang] AndroidManifest.xml:26:22-73
25    <uses-permission android:name="com.huawei.android.launcher.permission.CHANGE_BADGE" /> <!-- Optional for location -->
25-->[:jiguang] AndroidManifest.xml:28:5-91
25-->[:jiguang] AndroidManifest.xml:28:22-88
26    <uses-permission android:name="android.permission.VIBRATE" />
26-->[:jiguang] AndroidManifest.xml:30:5-66
26-->[:jiguang] AndroidManifest.xml:30:22-63
27    <uses-permission android:name="android.permission.SYSTEM_ALERT_WINDOW" /> <!-- 用于开启 debug 版本的应用在6.0 系统上 层叠窗口权限 -->
27-->[:jiguang] AndroidManifest.xml:31:5-78
27-->[:jiguang] AndroidManifest.xml:31:22-75
28    <uses-permission android:name="android.permission.ACCESS_COARSE_LOCATION" />
28-->[:jiguang] AndroidManifest.xml:32:5-81
28-->[:jiguang] AndroidManifest.xml:32:22-78
29    <uses-permission android:name="android.permission.CHANGE_WIFI_STATE" />
29-->[:jiguang] AndroidManifest.xml:33:5-76
29-->[:jiguang] AndroidManifest.xml:33:22-73
30    <uses-permission android:name="android.permission.ACCESS_FINE_LOCATION" />
30-->[:jiguang] AndroidManifest.xml:34:5-79
30-->[:jiguang] AndroidManifest.xml:34:22-76
31    <uses-permission android:name="android.permission.ACCESS_BACKGROUND_LOCATION" /> <!-- Android Q后台定位权限 -->
31-->[:jiguang] AndroidManifest.xml:35:5-85
31-->[:jiguang] AndroidManifest.xml:35:22-82
32    <uses-permission android:name="android.permission.ACCESS_LOCATION_EXTRA_COMMANDS" />
32-->[:jiguang] AndroidManifest.xml:36:5-89
32-->[:jiguang] AndroidManifest.xml:36:22-86
33    <uses-permission android:name="android.permission.CHANGE_NETWORK_STATE" />
33-->[:jiguang] AndroidManifest.xml:37:5-79
33-->[:jiguang] AndroidManifest.xml:37:22-76
34    <uses-permission android:name="android.permission.GET_TASKS" />
34-->[:jiguang] AndroidManifest.xml:38:5-68
34-->[:jiguang] AndroidManifest.xml:38:22-65
35    <uses-permission android:name="android.permission.QUERY_ALL_PACKAGES" /> <!-- xiaomi_permission_start -->
35-->[:jiguang] AndroidManifest.xml:39:5-77
35-->[:jiguang] AndroidManifest.xml:39:22-74
36    <permission
36-->[:jiguang] AndroidManifest.xml:42:5-44:47
37        android:name="com.example.jpush_test.permission.MIPUSH_RECEIVE"
37-->[:jiguang] AndroidManifest.xml:43:9-66
38        android:protectionLevel="signature" />
38-->[:jiguang] AndroidManifest.xml:44:9-44
39
40    <uses-permission android:name="com.example.jpush_test.permission.MIPUSH_RECEIVE" /> <!-- xiaomi_permission_end -->
40-->[:jiguang] AndroidManifest.xml:46:5-82
40-->[:jiguang] AndroidManifest.xml:46:22-79
41    <!-- oppo_permission_start -->
42    <uses-permission android:name="com.coloros.mcs.permission.RECIEVE_MCS_MESSAGE" />
42-->[:jiguang] AndroidManifest.xml:49:5-86
42-->[:jiguang] AndroidManifest.xml:49:22-83
43    <uses-permission android:name="com.heytap.mcs.permission.RECIEVE_MCS_MESSAGE" /> <!-- oppo_permission_end -->
43-->[:jiguang] AndroidManifest.xml:50:5-85
43-->[:jiguang] AndroidManifest.xml:50:22-82
44    <!-- jshare_permission_start -->
45    <uses-permission android:name="android.permission.WAKE_LOCK" />
45-->[:jiguang] AndroidManifest.xml:55:5-68
45-->[:jiguang] AndroidManifest.xml:55:22-65
46    <uses-permission android:name="android.permission.KILL_BACKGROUND_PROCESSES" />
46-->[:jiguang] AndroidManifest.xml:56:5-84
46-->[:jiguang] AndroidManifest.xml:56:22-81
47    <uses-permission android:name="android.permission.MANAGE_ACCOUNTS" />
47-->[:jiguang] AndroidManifest.xml:57:5-74
47-->[:jiguang] AndroidManifest.xml:57:22-71
48    <uses-permission android:name="android.permission.GET_ACCOUNTS" />
48-->[:jiguang] AndroidManifest.xml:58:5-71
48-->[:jiguang] AndroidManifest.xml:58:22-68
49
50    <application
50-->src\main\AndroidManifest.xml:5:5-63:19
51        android:name="com.example.jpush_test.App"
51-->src\main\AndroidManifest.xml:6:9-28
52        android:allowBackup="true"
52-->src\main\AndroidManifest.xml:7:9-35
53        android:appComponentFactory="androidx.core.app.CoreComponentFactory"
53-->[androidx.core:core:1.3.1] AndroidManifest.xml:24:18-86
54        android:debuggable="true"
55        android:icon="@mipmap/ic_launcher"
55-->src\main\AndroidManifest.xml:8:9-43
56        android:label="@string/app_name"
56-->src\main\AndroidManifest.xml:9:9-41
57        android:roundIcon="@mipmap/ic_launcher_round"
57-->src\main\AndroidManifest.xml:10:9-54
58        android:supportsRtl="true"
58-->src\main\AndroidManifest.xml:11:9-35
59        android:testOnly="true"
60        android:theme="@style/AppTheme" >
60-->src\main\AndroidManifest.xml:12:9-40
61        <activity android:name="com.example.jpush_test.MainActivity" >
61-->src\main\AndroidManifest.xml:13:9-19:20
61-->src\main\AndroidManifest.xml:13:19-47
62            <intent-filter>
62-->src\main\AndroidManifest.xml:14:13-18:29
63                <action android:name="android.intent.action.MAIN" />
63-->src\main\AndroidManifest.xml:15:17-69
63-->src\main\AndroidManifest.xml:15:25-66
64
65                <category android:name="android.intent.category.LAUNCHER" />
65-->src\main\AndroidManifest.xml:17:17-77
65-->src\main\AndroidManifest.xml:17:27-74
66            </intent-filter>
67        </activity>
68
69        <!-- User defined.  For test only  用户自定义的广播接收器 -->
70        <receiver
70-->src\main\AndroidManifest.xml:22:9-33:20
71            android:name="com.example.jpush_test.MyReceiver"
71-->src\main\AndroidManifest.xml:23:13-39
72            android:enabled="true" >
72-->src\main\AndroidManifest.xml:24:13-35
73            <intent-filter>
73-->src\main\AndroidManifest.xml:25:13-32:29
74                <action android:name="cn.jpush.android.intent.REGISTRATION" /> <!-- Required  用户注册SDK的intent -->
74-->src\main\AndroidManifest.xml:26:17-79
74-->src\main\AndroidManifest.xml:26:25-76
75                <action android:name="cn.jpush.android.intent.MESSAGE_RECEIVED" /> <!-- Required  用户接收SDK消息的intent -->
75-->src\main\AndroidManifest.xml:27:17-83
75-->src\main\AndroidManifest.xml:27:25-80
76                <action android:name="cn.jpush.android.intent.NOTIFICATION_RECEIVED" /> <!-- Required  用户接收SDK通知栏信息的intent -->
76-->src\main\AndroidManifest.xml:28:17-88
76-->src\main\AndroidManifest.xml:28:25-85
77                <action android:name="cn.jpush.android.intent.NOTIFICATION_OPENED" /> <!-- Required  用户打开自定义通知栏的intent -->
77-->src\main\AndroidManifest.xml:29:17-86
77-->src\main\AndroidManifest.xml:29:25-83
78                <action android:name="cn.jpush.android.intent.CONNECTION" /> <!-- 接收网络变化 连接/断开 since 1.6.3 -->
78-->src\main\AndroidManifest.xml:30:17-77
78-->src\main\AndroidManifest.xml:30:25-74
79                <category android:name="com.example.jpush_test" />
79-->src\main\AndroidManifest.xml:31:27-58
80            </intent-filter>
81        </receiver>
82        <!-- User defined.  For test only  用户自定义接收消息器,3.0.7开始支持,目前新tag/alias接口设置结果会在该广播接收器对应的方法中回调 -->
83        <!-- since 3.3.0 接收JPush相关事件 -->
84        <receiver android:name="com.example.jpush_test.PushMessageReceiver" >
84-->src\main\AndroidManifest.xml:36:9-41:20
84-->src\main\AndroidManifest.xml:36:19-54
85            <intent-filter>
85-->src\main\AndroidManifest.xml:37:13-40:29
86                <action android:name="cn.jpush.android.intent.RECEIVE_MESSAGE" />
86-->src\main\AndroidManifest.xml:38:17-82
86-->src\main\AndroidManifest.xml:38:25-79
87
88                <category android:name="com.example.jpush_test" />
88-->src\main\AndroidManifest.xml:31:27-58
89            </intent-filter>
90        </receiver>
91        <!-- 点击通知时，要打开的 activity -->
92        <activity
92-->src\main\AndroidManifest.xml:43:9-51:20
93            android:name="com.example.jpush_test.OpenClickActivity"
93-->src\main\AndroidManifest.xml:44:13-46
94            android:exported="true" >
94-->src\main\AndroidManifest.xml:45:13-36
95            <intent-filter>
95-->src\main\AndroidManifest.xml:46:13-50:29
96                <action android:name="android.intent.action.VIEW" />
96-->src\main\AndroidManifest.xml:47:17-69
96-->src\main\AndroidManifest.xml:47:25-66
97
98                <category android:name="android.intent.category.DEFAULT" />
98-->src\main\AndroidManifest.xml:48:17-76
98-->src\main\AndroidManifest.xml:48:27-73
99
100                <action android:name="com.example.jpushdemo.OpenClickActivity" />
100-->src\main\AndroidManifest.xml:49:17-82
100-->src\main\AndroidManifest.xml:49:25-79
101            </intent-filter>
102        </activity>
103        <!-- since 3.3.0 Required SDK 核心功能 -->
104        <!-- 可配置android:process参数将PushService放在其他进程中 -->
105        <!-- User defined.  For test only 继承自cn.jpush.android.service.JCommonService -->
106        <service
106-->src\main\AndroidManifest.xml:55:9-61:19
107            android:name="com.example.jpush_test.PushService"
107-->src\main\AndroidManifest.xml:56:13-40
108            android:process=":pushcore" >
108-->src\main\AndroidManifest.xml:57:13-40
109            <intent-filter>
109-->src\main\AndroidManifest.xml:58:13-60:29
110                <action android:name="cn.jiguang.user.service.action" />
110-->src\main\AndroidManifest.xml:59:17-73
110-->src\main\AndroidManifest.xml:59:25-70
111            </intent-filter>
112        </service>
113
114        <!-- jpush_config_start -->
115        <!-- Rich push 核心功能 since 2.0.6 -->
116        <activity
116-->[:jiguang] AndroidManifest.xml:64:9-75:20
117            android:name="cn.jpush.android.ui.PopWinActivity"
117-->[:jiguang] AndroidManifest.xml:65:13-62
118            android:exported="true"
118-->[:jiguang] AndroidManifest.xml:66:13-36
119            android:theme="@style/MyDialogStyle" >
119-->[:jiguang] AndroidManifest.xml:67:13-49
120            <intent-filter>
120-->[:jiguang] AndroidManifest.xml:68:13-74:29
121                <category android:name="android.intent.category.DEFAULT" />
121-->src\main\AndroidManifest.xml:48:17-76
121-->src\main\AndroidManifest.xml:48:27-73
122
123                <action android:name="cn.jpush.android.ui.PopWinActivity" />
123-->[:jiguang] AndroidManifest.xml:71:17-77
123-->[:jiguang] AndroidManifest.xml:71:25-74
124
125                <category android:name="com.example.jpush_test" />
125-->src\main\AndroidManifest.xml:31:27-58
126            </intent-filter>
127        </activity> <!-- Required SDK核心功能 -->
128        <activity
128-->[:jiguang] AndroidManifest.xml:78:9-89:20
129            android:name="cn.jpush.android.ui.PushActivity"
129-->[:jiguang] AndroidManifest.xml:79:13-60
130            android:configChanges="orientation|keyboardHidden"
130-->[:jiguang] AndroidManifest.xml:80:13-63
131            android:exported="true"
131-->[:jiguang] AndroidManifest.xml:81:13-36
132            android:theme="@android:style/Theme.NoTitleBar" >
132-->[:jiguang] AndroidManifest.xml:82:13-60
133            <intent-filter>
133-->[:jiguang] AndroidManifest.xml:83:13-88:29
134                <action android:name="cn.jpush.android.ui.PushActivity" />
134-->[:jiguang] AndroidManifest.xml:84:17-75
134-->[:jiguang] AndroidManifest.xml:84:25-72
135
136                <category android:name="android.intent.category.DEFAULT" />
136-->src\main\AndroidManifest.xml:48:17-76
136-->src\main\AndroidManifest.xml:48:27-73
137                <category android:name="com.example.jpush_test" />
137-->src\main\AndroidManifest.xml:31:27-58
138            </intent-filter>
139        </activity> <!-- since 3.5.0 Required SDK 核心功能 -->
140        <!-- 3.5.0新增，用于定时展示功能 -->
141        <receiver
141-->[:jiguang] AndroidManifest.xml:93:9-95:40
142            android:name="cn.jpush.android.service.SchedulerReceiver"
142-->[:jiguang] AndroidManifest.xml:94:13-70
143            android:exported="false" /> <!-- 3.6.7 新增，用于负反馈组件 -->
143-->[:jiguang] AndroidManifest.xml:95:13-37
144        <service android:name="cn.jpush.android.service.MessagingIntentService" /> <!-- since 3.0.9 Required SDK 核心功能 -->
144-->[:jiguang] AndroidManifest.xml:98:9-83
144-->[:jiguang] AndroidManifest.xml:98:18-80
145        <provider
145-->[:jiguang] AndroidManifest.xml:101:9-105:43
146            android:name="cn.jpush.android.service.DataProvider"
146-->[:jiguang] AndroidManifest.xml:102:13-65
147            android:authorities="com.example.jpush_test.DataProvider"
147-->[:jiguang] AndroidManifest.xml:103:13-64
148            android:exported="false"
148-->[:jiguang] AndroidManifest.xml:104:13-37
149            android:process=":pushcore" /> <!-- since 3.1.0 Required SDK 核心功能 -->
149-->[:jiguang] AndroidManifest.xml:105:13-40
150        <provider
150-->[:jiguang] AndroidManifest.xml:107:9-110:39
151            android:name="cn.jpush.android.service.DownloadProvider"
151-->[:jiguang] AndroidManifest.xml:108:13-69
152            android:authorities="com.example.jpush_test.DownloadProvider"
152-->[:jiguang] AndroidManifest.xml:109:13-68
153            android:exported="true" /> <!-- since 3.3.0 Required SDK核心功能 -->
153-->[:jiguang] AndroidManifest.xml:110:13-36
154        <activity
154-->[:jiguang] AndroidManifest.xml:113:9-123:20
155            android:name="cn.jpush.android.service.JNotifyActivity"
155-->[:jiguang] AndroidManifest.xml:114:13-68
156            android:exported="true"
156-->[:jiguang] AndroidManifest.xml:115:13-36
157            android:taskAffinity="jpush.custom"
157-->[:jiguang] AndroidManifest.xml:116:13-48
158            android:theme="@android:style/Theme.Translucent.NoTitleBar" >
158-->[:jiguang] AndroidManifest.xml:117:13-72
159            <intent-filter>
159-->[:jiguang] AndroidManifest.xml:118:13-122:29
160                <action android:name="cn.jpush.android.intent.JNotifyActivity" />
160-->[:jiguang] AndroidManifest.xml:119:17-82
160-->[:jiguang] AndroidManifest.xml:119:25-79
161
162                <category android:name="com.example.jpush_test" />
162-->src\main\AndroidManifest.xml:31:27-58
163            </intent-filter>
164        </activity> <!-- since 3.5.6 新增华硕通道 -->
165        <receiver android:name="cn.jpush.android.asus.AsusPushMessageReceiver" /> <!-- jpush_config_end -->
165-->[:jiguang] AndroidManifest.xml:125:9-82
165-->[:jiguang] AndroidManifest.xml:125:19-79
166        <!-- (jpush|jmessage)_config_start，jpush和jmessage公用的组件 -->
167        <!-- Required SDK 核心功能 -->
168        <!-- 可配置android:process参数将PushService放在其他进程中 -->
169        <service
169-->[:jiguang] AndroidManifest.xml:132:9-143:19
170            android:name="cn.jpush.android.service.PushService"
170-->[:jiguang] AndroidManifest.xml:133:13-64
171            android:enabled="true"
171-->[:jiguang] AndroidManifest.xml:134:13-35
172            android:exported="false"
172-->[:jiguang] AndroidManifest.xml:135:13-37
173            android:process=":pushcore" >
173-->[:jiguang] AndroidManifest.xml:136:13-40
174            <intent-filter>
174-->[:jiguang] AndroidManifest.xml:137:13-142:29
175                <action android:name="cn.jpush.android.intent.REGISTER" />
175-->[:jiguang] AndroidManifest.xml:138:17-75
175-->[:jiguang] AndroidManifest.xml:138:25-72
176                <action android:name="cn.jpush.android.intent.REPORT" />
176-->[:jiguang] AndroidManifest.xml:139:17-73
176-->[:jiguang] AndroidManifest.xml:139:25-70
177                <action android:name="cn.jpush.android.intent.PushService" />
177-->[:jiguang] AndroidManifest.xml:140:17-78
177-->[:jiguang] AndroidManifest.xml:140:25-75
178                <action android:name="cn.jpush.android.intent.PUSH_TIME" />
178-->[:jiguang] AndroidManifest.xml:141:17-76
178-->[:jiguang] AndroidManifest.xml:141:25-73
179            </intent-filter>
180        </service> <!-- since 1.8.0 option 可选项。用于同一设备中不同应用的JPush服务相互拉起的功能。 -->
181        <!-- 若不启用该功能可删除该组件，或把 enabled 设置成 false ；App 不会被其他 App 拉起，但会拉起其他的 App。 -->
182        <service
182-->[:jiguang] AndroidManifest.xml:147:9-156:19
183            android:name="cn.jpush.android.service.DaemonService"
183-->[:jiguang] AndroidManifest.xml:148:13-66
184            android:enabled="true"
184-->[:jiguang] AndroidManifest.xml:149:13-35
185            android:exported="true" >
185-->[:jiguang] AndroidManifest.xml:150:13-36
186            <intent-filter>
186-->[:jiguang] AndroidManifest.xml:151:13-155:29
187                <action android:name="cn.jpush.android.intent.DaemonService" />
187-->[:jiguang] AndroidManifest.xml:152:17-80
187-->[:jiguang] AndroidManifest.xml:152:25-77
188
189                <category android:name="com.example.jpush_test" />
189-->src\main\AndroidManifest.xml:31:27-58
190            </intent-filter>
191        </service> <!-- 可选，如果使用静态Activity方式拉起，该组件必须声明 -->
192        <activity
192-->[:jiguang] AndroidManifest.xml:158:9-169:20
193            android:name="cn.jpush.android.service.DActivity"
193-->[:jiguang] AndroidManifest.xml:159:13-62
194            android:enabled="true"
194-->[:jiguang] AndroidManifest.xml:160:13-35
195            android:exported="true"
195-->[:jiguang] AndroidManifest.xml:161:13-36
196            android:taskAffinity="jpush.custom"
196-->[:jiguang] AndroidManifest.xml:162:13-48
197            android:theme="@android:style/Theme.Translucent.NoTitleBar" >
197-->[:jiguang] AndroidManifest.xml:163:13-72
198            <intent-filter>
198-->[:jiguang] AndroidManifest.xml:164:13-168:29
199                <action android:name="cn.jpush.android.intent.DActivity" />
199-->[:jiguang] AndroidManifest.xml:165:17-76
199-->[:jiguang] AndroidManifest.xml:165:25-73
200
201                <category android:name="com.example.jpush_test" />
201-->src\main\AndroidManifest.xml:31:27-58
202            </intent-filter>
203        </activity> <!-- Required SDK核心功能 -->
204        <receiver
204-->[:jiguang] AndroidManifest.xml:172:9-190:20
205            android:name="cn.jpush.android.service.PushReceiver"
205-->[:jiguang] AndroidManifest.xml:173:13-65
206            android:enabled="true" >
206-->[:jiguang] AndroidManifest.xml:174:13-35
207            <intent-filter android:priority="1000" >
207-->[:jiguang] AndroidManifest.xml:175:13-178:29
207-->[:jiguang] AndroidManifest.xml:175:28-51
208                <action android:name="cn.jpush.android.intent.NOTIFICATION_RECEIVED_PROXY" /> <!-- Required  显示通知栏 -->
208-->[:jiguang] AndroidManifest.xml:176:17-94
208-->[:jiguang] AndroidManifest.xml:176:25-91
209                <category android:name="com.example.jpush_test" />
209-->src\main\AndroidManifest.xml:31:27-58
210            </intent-filter>
211            <intent-filter>
211-->[:jiguang] AndroidManifest.xml:179:13-182:29
212                <action android:name="android.intent.action.USER_PRESENT" />
212-->[:jiguang] AndroidManifest.xml:180:17-77
212-->[:jiguang] AndroidManifest.xml:180:25-74
213                <action android:name="android.net.conn.CONNECTIVITY_CHANGE" />
213-->[:jiguang] AndroidManifest.xml:181:17-79
213-->[:jiguang] AndroidManifest.xml:181:25-76
214            </intent-filter>
215            <!-- Optional -->
216            <intent-filter>
216-->[:jiguang] AndroidManifest.xml:184:13-189:29
217                <action android:name="android.intent.action.PACKAGE_ADDED" />
217-->[:jiguang] AndroidManifest.xml:185:17-78
217-->[:jiguang] AndroidManifest.xml:185:25-75
218                <action android:name="android.intent.action.PACKAGE_REMOVED" />
218-->[:jiguang] AndroidManifest.xml:186:17-80
218-->[:jiguang] AndroidManifest.xml:186:25-77
219
220                <data android:scheme="package" />
220-->[:jiguang] AndroidManifest.xml:188:17-50
220-->[:jiguang] AndroidManifest.xml:188:23-47
221            </intent-filter>
222        </receiver> <!-- Required SDK核心功能 -->
223        <receiver
223-->[:jiguang] AndroidManifest.xml:193:9-195:40
224            android:name="cn.jpush.android.service.AlarmReceiver"
224-->[:jiguang] AndroidManifest.xml:194:13-66
225            android:exported="false" /> <!-- (jpush|jmessage)_config_end -->
225-->[:jiguang] AndroidManifest.xml:195:13-37
226        <!-- xiaomi_config_start -->
227        <service
227-->[:jiguang] AndroidManifest.xml:200:9-205:43
228            android:name="com.xiaomi.push.service.XMJobService"
228-->[:jiguang] AndroidManifest.xml:201:13-64
229            android:enabled="true"
229-->[:jiguang] AndroidManifest.xml:202:13-35
230            android:exported="false"
230-->[:jiguang] AndroidManifest.xml:203:13-37
231            android:permission="android.permission.BIND_JOB_SERVICE"
231-->[:jiguang] AndroidManifest.xml:204:13-69
232            android:process=":pushcore" />
232-->[:jiguang] AndroidManifest.xml:205:13-40
233        <service
233-->[:jiguang] AndroidManifest.xml:206:9-209:43
234            android:name="com.xiaomi.push.service.XMPushService"
234-->[:jiguang] AndroidManifest.xml:207:13-65
235            android:enabled="true"
235-->[:jiguang] AndroidManifest.xml:208:13-35
236            android:process=":pushcore" />
236-->[:jiguang] AndroidManifest.xml:209:13-40
237        <service
237-->[:jiguang] AndroidManifest.xml:210:9-213:39
238            android:name="com.xiaomi.mipush.sdk.PushMessageHandler"
238-->[:jiguang] AndroidManifest.xml:211:13-68
239            android:enabled="true"
239-->[:jiguang] AndroidManifest.xml:212:13-35
240            android:exported="true" />
240-->[:jiguang] AndroidManifest.xml:213:13-36
241        <service
241-->[:jiguang] AndroidManifest.xml:214:9-216:38
242            android:name="com.xiaomi.mipush.sdk.MessageHandleService"
242-->[:jiguang] AndroidManifest.xml:215:13-70
243            android:enabled="true" />
243-->[:jiguang] AndroidManifest.xml:216:13-35
244
245        <receiver
245-->[:jiguang] AndroidManifest.xml:218:9-226:20
246            android:name="com.xiaomi.push.service.receivers.NetworkStatusReceiver"
246-->[:jiguang] AndroidManifest.xml:219:13-83
247            android:exported="true" >
247-->[:jiguang] AndroidManifest.xml:220:13-36
248            <intent-filter>
248-->[:jiguang] AndroidManifest.xml:221:13-225:29
249                <action android:name="android.net.conn.CONNECTIVITY_CHANGE" />
249-->[:jiguang] AndroidManifest.xml:181:17-79
249-->[:jiguang] AndroidManifest.xml:181:25-76
250
251                <category android:name="android.intent.category.DEFAULT" />
251-->src\main\AndroidManifest.xml:48:17-76
251-->src\main\AndroidManifest.xml:48:27-73
252            </intent-filter>
253        </receiver>
254        <receiver
254-->[:jiguang] AndroidManifest.xml:227:9-234:20
255            android:name="com.xiaomi.push.service.receivers.PingReceiver"
255-->[:jiguang] AndroidManifest.xml:228:13-74
256            android:exported="false"
256-->[:jiguang] AndroidManifest.xml:229:13-37
257            android:process=":pushcore" >
257-->[:jiguang] AndroidManifest.xml:230:13-40
258            <intent-filter>
258-->[:jiguang] AndroidManifest.xml:231:13-233:29
259                <action android:name="com.xiaomi.push.PING_TIMER" />
259-->[:jiguang] AndroidManifest.xml:232:17-69
259-->[:jiguang] AndroidManifest.xml:232:25-66
260            </intent-filter>
261        </receiver>
262        <receiver
262-->[:jiguang] AndroidManifest.xml:235:9-247:20
263            android:name="cn.jpush.android.service.PluginXiaomiPlatformsReceiver"
263-->[:jiguang] AndroidManifest.xml:236:13-82
264            android:exported="true" >
264-->[:jiguang] AndroidManifest.xml:237:13-36
265            <intent-filter>
265-->[:jiguang] AndroidManifest.xml:238:13-240:29
266                <action android:name="com.xiaomi.mipush.RECEIVE_MESSAGE" />
266-->[:jiguang] AndroidManifest.xml:239:17-76
266-->[:jiguang] AndroidManifest.xml:239:25-73
267            </intent-filter>
268            <intent-filter>
268-->[:jiguang] AndroidManifest.xml:241:13-243:29
269                <action android:name="com.xiaomi.mipush.MESSAGE_ARRIVED" />
269-->[:jiguang] AndroidManifest.xml:242:17-76
269-->[:jiguang] AndroidManifest.xml:242:25-73
270            </intent-filter>
271            <intent-filter>
271-->[:jiguang] AndroidManifest.xml:244:13-246:29
272                <action android:name="com.xiaomi.mipush.ERROR" />
272-->[:jiguang] AndroidManifest.xml:245:17-66
272-->[:jiguang] AndroidManifest.xml:245:25-63
273            </intent-filter>
274        </receiver>
275
276        <meta-data
276-->[:jiguang] AndroidManifest.xml:249:9-251:48
277            android:name="XIAOMI_APPKEY"
277-->[:jiguang] AndroidManifest.xml:250:13-41
278            android:value="MI-小米的APPKEY" />
278-->[:jiguang] AndroidManifest.xml:251:13-45
279        <meta-data
279-->[:jiguang] AndroidManifest.xml:252:9-254:47
280            android:name="XIAOMI_APPID"
280-->[:jiguang] AndroidManifest.xml:253:13-40
281            android:value="MI-小米的APPID" /> <!-- xiaomi_config_end -->
281-->[:jiguang] AndroidManifest.xml:254:13-44
282        <!-- huawei_config_start -->
283        <service
283-->[:jiguang] AndroidManifest.xml:259:9-265:19
284            android:name="cn.jpush.android.service.PluginHuaweiPlatformsService"
284-->[:jiguang] AndroidManifest.xml:260:13-81
285            android:exported="false" >
285-->[:jiguang] AndroidManifest.xml:261:13-37
286            <intent-filter>
286-->[:jiguang] AndroidManifest.xml:262:13-264:29
287                <action android:name="com.huawei.push.action.MESSAGING_EVENT" />
287-->[:jiguang] AndroidManifest.xml:263:17-81
287-->[:jiguang] AndroidManifest.xml:263:25-78
288            </intent-filter>
289        </service> <!-- huawei_config_end -->
290        <!-- oppo_config_start -->
291        <service
291-->[:jiguang] AndroidManifest.xml:270:9-276:19
292            android:name="cn.jpush.android.service.PluginOppoPushService"
292-->[:jiguang] AndroidManifest.xml:271:13-74
293            android:permission="com.coloros.mcs.permission.SEND_MCS_MESSAGE" >
293-->[:jiguang] AndroidManifest.xml:272:13-77
294            <intent-filter>
294-->[:jiguang] AndroidManifest.xml:273:13-275:29
295                <action android:name="com.coloros.mcs.action.RECEIVE_MCS_MESSAGE" />
295-->[:jiguang] AndroidManifest.xml:274:17-85
295-->[:jiguang] AndroidManifest.xml:274:25-82
296            </intent-filter>
297        </service> <!-- since JPushv3.6.8 ，oppov2.1.0 oppo 核心功能 -->
298        <service
298-->[:jiguang] AndroidManifest.xml:278:9-285:19
299            android:name="com.heytap.msp.push.service.DataMessageCallbackService"
299-->[:jiguang] AndroidManifest.xml:279:13-82
300            android:permission="com.heytap.mcs.permission.SEND_PUSH_MESSAGE" >
300-->[:jiguang] AndroidManifest.xml:280:13-77
301            <intent-filter>
301-->[:jiguang] AndroidManifest.xml:281:13-284:29
302                <action android:name="com.heytap.mcs.action.RECEIVE_MCS_MESSAGE" />
302-->[:jiguang] AndroidManifest.xml:282:17-84
302-->[:jiguang] AndroidManifest.xml:282:25-81
303                <action android:name="com.heytap.msp.push.RECEIVE_MCS_MESSAGE" />
303-->[:jiguang] AndroidManifest.xml:283:17-82
303-->[:jiguang] AndroidManifest.xml:283:25-79
304            </intent-filter>
305        </service> <!-- 兼容Q版本 -->
306        <meta-data
306-->[:jiguang] AndroidManifest.xml:286:9-288:46
307            android:name="OPPO_APPKEY"
307-->[:jiguang] AndroidManifest.xml:287:13-39
308            android:value="OP-oppo的APPKEY" />
308-->[:jiguang] AndroidManifest.xml:288:13-43
309        <meta-data
309-->[:jiguang] AndroidManifest.xml:289:9-291:45
310            android:name="OPPO_APPID"
310-->[:jiguang] AndroidManifest.xml:290:13-38
311            android:value="OP-oppo的APPID" />
311-->[:jiguang] AndroidManifest.xml:291:13-42
312        <meta-data
312-->[:jiguang] AndroidManifest.xml:292:9-294:49
313            android:name="OPPO_APPSECRET"
313-->[:jiguang] AndroidManifest.xml:293:13-42
314            android:value="OP-oppo的APPSECRET" /> <!-- oppo_config_end -->
314-->[:jiguang] AndroidManifest.xml:294:13-46
315        <!-- vivo_config_start -->